<?xml version="1.0" encoding="UTF-8"?>
<!-- Generated by org.testng.reporters.JUnitXMLReporter -->
<testsuite ignored="0" hostname="DESKTOP-ERMO56R" failures="1" tests="3" name="Hub Spot login Testing" time="131.556" errors="0" timestamp="15 Jul 2020 11:17:34 GMT">
  <testcase classname="com.qa.hubspot.tests.LoginPageTest" name="verifySignupLinkTest" time="122.272">
    <failure type="java.lang.AssertionError" message="expected [true] but found [false]">
      <![CDATA[java.lang.AssertionError: expected [true] but found [false]
at com.qa.hubspot.tests.LoginPageTest.verifySignupLinkTest(LoginPageTest.java:10)
... Removed 31 stack frames]]>
    </failure>
  </testcase> <!-- verifySignupLinkTest -->
  <testcase classname="com.qa.hubspot.tests.LoginPageTest" name="verifyLoginPageTitle" time="0.01"/>
  <testcase classname="com.qa.hubspot.tests.LoginPageTest" name="loginTest" time="0.567"/>
</testsuite> <!-- Hub Spot login Testing -->
